=== CORRECTED-CIPHER PROBE (NON-DESTRUCTIVE) ===
default keyword       : 4d b6 ab 00
set_session plaintext : 81 00 00 03
set_session WIRE      : 81 00 00 03 2d 2d 3b 2b   <-- actual bulk-OUT bytes
get_keyword plaintext : 82 00 00 00 00
get_keyword WIRE      : 82 00 00 00 00 40 40 8f ec   <-- actual bulk-OUT bytes

opened: pid=0x12fe iface0 OUT=0x01 IN=0x82 serial='01807C'

--- BASELINE (BEFORE corrected set_session) ---
  BEFORE 1284id_A1_00   len= 120  00 78 4d 46 47 3a 43 61 6e 6f 6e 3b 43 4d 44 3a 42 4a 4c 2c 42 4a 52 61 73 74 65 72 33 2c 42 53 43 43 65 2c 49 56 45 43 2c 49 56 45 43 50 4c 49 ...
  BEFORE status_A1_01   len=   1  18

--- SEND corrected set_session (bulk-OUT) + RECV sweep ---
  [set_session] bmRequestType=0xa1 bRequest=0x00 wValue=0x0000 wIndex=0x0000 len=4     -> OK                       00 78 4d 46
  [set_session] bmRequestType=0xa1 bRequest=0x00 wValue=0x0000 wIndex=0x0000 len=20    -> OK                       00 78 4d 46 47 3a 43 61 6e 6f 6e 3b 43 4d 44 3a 42 4a 4c 2c
  [set_session] bmRequestType=0xa1 bRequest=0x00 wValue=0x0000 wIndex=0x0000 len=64    -> OK                       00 78 4d 46 47 3a 43 61 6e 6f 6e 3b 43 4d 44 3a 42 4a 4c 2c 42 4a 52 61 73 74 65 72 33 2c 42 53 43 43 65 2c 49 56 45 43 2c 49 56 45 43 50 4c 49 3b 4d 44 4c 3a 44 65 76 69 63 65 3b 43 4c 53 3a
  [set_session] bmRequestType=0xa1 bRequest=0x01 wValue=0x0000 wIndex=0x0000 len=4     -> OK                       18
  [set_session] bmRequestType=0xa1 bRequest=0x01 wValue=0x0000 wIndex=0x0000 len=20    -> OK                       18
  [set_session] bmRequestType=0xa1 bRequest=0x01 wValue=0x0000 wIndex=0x0000 len=64    -> OK                       18
  [set_session] bmRequestType=0xa1 bRequest=0x02 wValue=0x0000 wIndex=0x0000 len=4     -> ERR:[Errno 32] Pipe error (empty)
  [set_session] bmRequestType=0xa1 bRequest=0x02 wValue=0x0000 wIndex=0x0000 len=20    -> ERR:[Errno 32] Pipe error (empty)
  [set_session] bmRequestType=0xa1 bRequest=0x02 wValue=0x0000 wIndex=0x0000 len=64    -> ERR:[Errno 32] Pipe error (empty)
  [set_session] bmRequestType=0xa1 bRequest=0x03 wValue=0x0000 wIndex=0x0000 len=4     -> ERR:[Errno 32] Pipe error (empty)
  [set_session] bmRequestType=0xa1 bRequest=0x03 wValue=0x0000 wIndex=0x0000 len=20    -> ERR:[Errno 32] Pipe error (empty)
  [set_session] bmRequestType=0xa1 bRequest=0x03 wValue=0x0000 wIndex=0x0000 len=64    -> ERR:[Errno 32] Pipe error (empty)
  [set_session] bmRequestType=0xa1 bRequest=0x04 wValue=0x0000 wIndex=0x0000 len=4     -> ERR:[Errno 32] Pipe error (empty)
  [set_session] bmRequestType=0xa1 bRequest=0x04 wValue=0x0000 wIndex=0x0000 len=20    -> ERR:[Errno 32] Pipe error (empty)
  [set_session] bmRequestType=0xa1 bRequest=0x04 wValue=0x0000 wIndex=0x0000 len=64    -> ERR:[Errno 32] Pipe error (empty)
  [set_session] bmRequestType=0xa1 bRequest=0x05 wValue=0x0000 wIndex=0x0000 len=4     -> ERR:[Errno 32] Pipe error (empty)
  [set_session] bmRequestType=0xa1 bRequest=0x05 wValue=0x0000 wIndex=0x0000 len=20    -> ERR:[Errno 32] Pipe error (empty)
  [set_session] bmRequestType=0xa1 bRequest=0x05 wValue=0x0000 wIndex=0x0000 len=64    -> ERR:[Errno 32] Pipe error (empty)
  [set_session] bmRequestType=0xa1 bRequest=0x06 wValue=0x0000 wIndex=0x0000 len=4     -> ERR:[Errno 32] Pipe error (empty)
  [set_session] bmRequestType=0xa1 bRequest=0x06 wValue=0x0000 wIndex=0x0000 len=20    -> ERR:[Errno 32] Pipe error (empty)
  [set_session] bmRequestType=0xa1 bRequest=0x06 wValue=0x0000 wIndex=0x0000 len=64    -> ERR:[Errno 32] Pipe error (empty)
  [set_session] bmRequestType=0xa1 bRequest=0x07 wValue=0x0000 wIndex=0x0000 len=4     -> ERR:[Errno 32] Pipe error (empty)
  [set_session] bmRequestType=0xa1 bRequest=0x07 wValue=0x0000 wIndex=0x0000 len=20    -> ERR:[Errno 32] Pipe error (empty)
  [set_session] bmRequestType=0xa1 bRequest=0x07 wValue=0x0000 wIndex=0x0000 len=64    -> ERR:[Errno 32] Pipe error (empty)
  [set_session] bmRequestType=0xa1 bRequest=0x08 wValue=0x0000 wIndex=0x0000 len=4     -> ERR:[Errno 32] Pipe error (empty)
  [set_session] bmRequestType=0xa1 bRequest=0x08 wValue=0x0000 wIndex=0x0000 len=20    -> ERR:[Errno 32] Pipe error (empty)
  [set_session] bmRequestType=0xa1 bRequest=0x08 wValue=0x0000 wIndex=0x0000 len=64    -> ERR:[Errno 32] Pipe error (empty)
  [set_session] bmRequestType=0xa1 bRequest=0x09 wValue=0x0000 wIndex=0x0000 len=4     -> ERR:[Errno 32] Pipe error (empty)
  [set_session] bmRequestType=0xa1 bRequest=0x09 wValue=0x0000 wIndex=0x0000 len=20    -> ERR:[Errno 32] Pipe error (empty)
  [set_session] bmRequestType=0xa1 bRequest=0x09 wValue=0x0000 wIndex=0x0000 len=64    -> ERR:[Errno 32] Pipe error (empty)
  [set_session] bmRequestType=0xa1 bRequest=0x0a wValue=0x0000 wIndex=0x0000 len=4     -> ERR:[Errno 32] Pipe error (empty)
  [set_session] bmRequestType=0xa1 bRequest=0x0a wValue=0x0000 wIndex=0x0000 len=20    -> ERR:[Errno 32] Pipe error (empty)
  [set_session] bmRequestType=0xa1 bRequest=0x0a wValue=0x0000 wIndex=0x0000 len=64    -> ERR:[Errno 32] Pipe error (empty)
  [set_session] bmRequestType=0xa1 bRequest=0x0b wValue=0x0000 wIndex=0x0000 len=4     -> ERR:[Errno 32] Pipe error (empty)
  [set_session] bmRequestType=0xa1 bRequest=0x0b wValue=0x0000 wIndex=0x0000 len=20    -> ERR:[Errno 32] Pipe error (empty)
  [set_session] bmRequestType=0xa1 bRequest=0x0b wValue=0x0000 wIndex=0x0000 len=64    -> ERR:[Errno 32] Pipe error (empty)
  [set_session] bmRequestType=0xa1 bRequest=0x0c wValue=0x0000 wIndex=0x0000 len=4     -> ERR:[Errno 32] Pipe error (empty)
  [set_session] bmRequestType=0xa1 bRequest=0x0c wValue=0x0000 wIndex=0x0000 len=20    -> ERR:[Errno 32] Pipe error (empty)
  [set_session] bmRequestType=0xa1 bRequest=0x0c wValue=0x0000 wIndex=0x0000 len=64    -> ERR:[Errno 32] Pipe error (empty)
  [set_session] bmRequestType=0xa1 bRequest=0x0d wValue=0x0000 wIndex=0x0000 len=4     -> ERR:[Errno 32] Pipe error (empty)
  [set_session] bmRequestType=0xa1 bRequest=0x0d wValue=0x0000 wIndex=0x0000 len=20    -> ERR:[Errno 32] Pipe error (empty)
  [set_session] bmRequestType=0xa1 bRequest=0x0d wValue=0x0000 wIndex=0x0000 len=64    -> ERR:[Errno 32] Pipe error (empty)
  [set_session] bmRequestType=0xa1 bRequest=0x0e wValue=0x0000 wIndex=0x0000 len=4     -> ERR:[Errno 32] Pipe error (empty)
  [set_session] bmRequestType=0xa1 bRequest=0x0e wValue=0x0000 wIndex=0x0000 len=20    -> ERR:[Errno 32] Pipe error (empty)
  [set_session] bmRequestType=0xa1 bRequest=0x0e wValue=0x0000 wIndex=0x0000 len=64    -> ERR:[Errno 32] Pipe error (empty)
  [set_session] bmRequestType=0xa1 bRequest=0x0f wValue=0x0000 wIndex=0x0000 len=4     -> ERR:[Errno 32] Pipe error (empty)
  [set_session] bmRequestType=0xa1 bRequest=0x0f wValue=0x0000 wIndex=0x0000 len=20    -> ERR:[Errno 32] Pipe error (empty)
  [set_session] bmRequestType=0xa1 bRequest=0x0f wValue=0x0000 wIndex=0x0000 len=64    -> ERR:[Errno 32] Pipe error (empty)
  [set_session] bmRequestType=0xa1 bRequest=0x10 wValue=0x0000 wIndex=0x0000 len=4     -> ERR:[Errno 32] Pipe error (empty)
  [set_session] bmRequestType=0xa1 bRequest=0x10 wValue=0x0000 wIndex=0x0000 len=20    -> ERR:[Errno 32] Pipe error (empty)
  [set_session] bmRequestType=0xa1 bRequest=0x10 wValue=0x0000 wIndex=0x0000 len=64    -> ERR:[Errno 32] Pipe error (empty)
  [set_session] bmRequestType=0xc0 bRequest=0x00 wValue=0x0000 wIndex=0x0000 len=4     -> ERR:[Errno 32] Pipe error (empty)
  [set_session] bmRequestType=0xc0 bRequest=0x00 wValue=0x0000 wIndex=0x0000 len=20    -> ERR:[Errno 32] Pipe error (empty)
  [set_session] bmRequestType=0xc0 bRequest=0x00 wValue=0x0000 wIndex=0x0000 len=64    -> ERR:[Errno 32] Pipe error (empty)
  [set_session] bmRequestType=0xc0 bRequest=0x82 wValue=0x0000 wIndex=0x0000 len=4     -> ERR:[Errno 32] Pipe error (empty)
  [set_session] bmRequestType=0xc0 bRequest=0x82 wValue=0x0000 wIndex=0x0000 len=20    -> ERR:[Errno 32] Pipe error (empty)
  [set_session] bmRequestType=0xc0 bRequest=0x82 wValue=0x0000 wIndex=0x0000 len=64    -> ERR:[Errno 32] Pipe error (empty)
  [set_session] bmRequestType=0xc0 bRequest=0x86 wValue=0x0000 wIndex=0x0000 len=4     -> OK                       (empty)
  [set_session] bmRequestType=0xc0 bRequest=0x86 wValue=0x0000 wIndex=0x0000 len=20    -> OK                       (empty)
  [set_session] bmRequestType=0xc0 bRequest=0x86 wValue=0x0000 wIndex=0x0000 len=64    -> OK                       (empty)
  [set_session] bmRequestType=0xc1 bRequest=0x00 wValue=0x0000 wIndex=0x0000 len=4     -> ERR:[Errno 32] Pipe error (empty)
  [set_session] bmRequestType=0xc1 bRequest=0x00 wValue=0x0000 wIndex=0x0000 len=20    -> ERR:[Errno 32] Pipe error (empty)
  [set_session] bmRequestType=0xc1 bRequest=0x00 wValue=0x0000 wIndex=0x0000 len=64    -> ERR:[Errno 32] Pipe error (empty)
  [set_session] bmRequestType=0xc1 bRequest=0x82 wValue=0x0000 wIndex=0x0000 len=4     -> ERR:[Errno 32] Pipe error (empty)
  [set_session] bmRequestType=0xc1 bRequest=0x82 wValue=0x0000 wIndex=0x0000 len=20    -> ERR:[Errno 32] Pipe error (empty)
  [set_session] bmRequestType=0xc1 bRequest=0x82 wValue=0x0000 wIndex=0x0000 len=64    -> ERR:[Errno 32] Pipe error (empty)
  [set_session] bmRequestType=0xc1 bRequest=0x86 wValue=0x0000 wIndex=0x0000 len=4     -> OK                       (empty)
  [set_session] bmRequestType=0xc1 bRequest=0x86 wValue=0x0000 wIndex=0x0000 len=20    -> OK                       (empty)
  [set_session] bmRequestType=0xc1 bRequest=0x86 wValue=0x0000 wIndex=0x0000 len=64    -> OK                       (empty)

--- SEND corrected get_keyword (bulk-OUT) + RECV sweep ---
  [get_keyword] bmRequestType=0xa1 bRequest=0x00 wValue=0x0000 wIndex=0x0000 len=4     -> OK                       00 78 4d 46
  [get_keyword] bmRequestType=0xa1 bRequest=0x00 wValue=0x0000 wIndex=0x0000 len=20    -> OK                       00 78 4d 46 47 3a 43 61 6e 6f 6e 3b 43 4d 44 3a 42 4a 4c 2c
  [get_keyword] bmRequestType=0xa1 bRequest=0x00 wValue=0x0000 wIndex=0x0000 len=64    -> OK                       00 78 4d 46 47 3a 43 61 6e 6f 6e 3b 43 4d 44 3a 42 4a 4c 2c 42 4a 52 61 73 74 65 72 33 2c 42 53 43 43 65 2c 49 56 45 43 2c 49 56 45 43 50 4c 49 3b 4d 44 4c 3a 44 65 76 69 63 65 3b 43 4c 53 3a
  [get_keyword] bmRequestType=0xa1 bRequest=0x01 wValue=0x0000 wIndex=0x0000 len=4     -> OK                       18
  [get_keyword] bmRequestType=0xa1 bRequest=0x01 wValue=0x0000 wIndex=0x0000 len=20    -> OK                       18
  [get_keyword] bmRequestType=0xa1 bRequest=0x01 wValue=0x0000 wIndex=0x0000 len=64    -> OK                       18
  [get_keyword] bmRequestType=0xa1 bRequest=0x02 wValue=0x0000 wIndex=0x0000 len=4     -> ERR:[Errno 32] Pipe error (empty)
  [get_keyword] bmRequestType=0xa1 bRequest=0x02 wValue=0x0000 wIndex=0x0000 len=20    -> ERR:[Errno 32] Pipe error (empty)
  [get_keyword] bmRequestType=0xa1 bRequest=0x02 wValue=0x0000 wIndex=0x0000 len=64    -> ERR:[Errno 32] Pipe error (empty)
  [get_keyword] bmRequestType=0xa1 bRequest=0x03 wValue=0x0000 wIndex=0x0000 len=4     -> ERR:[Errno 32] Pipe error (empty)
  [get_keyword] bmRequestType=0xa1 bRequest=0x03 wValue=0x0000 wIndex=0x0000 len=20    -> ERR:[Errno 32] Pipe error (empty)
  [get_keyword] bmRequestType=0xa1 bRequest=0x03 wValue=0x0000 wIndex=0x0000 len=64    -> ERR:[Errno 32] Pipe error (empty)
  [get_keyword] bmRequestType=0xa1 bRequest=0x04 wValue=0x0000 wIndex=0x0000 len=4     -> ERR:[Errno 32] Pipe error (empty)
  [get_keyword] bmRequestType=0xa1 bRequest=0x04 wValue=0x0000 wIndex=0x0000 len=20    -> ERR:[Errno 32] Pipe error (empty)
  [get_keyword] bmRequestType=0xa1 bRequest=0x04 wValue=0x0000 wIndex=0x0000 len=64    -> ERR:[Errno 32] Pipe error (empty)
  [get_keyword] bmRequestType=0xa1 bRequest=0x05 wValue=0x0000 wIndex=0x0000 len=4     -> ERR:[Errno 32] Pipe error (empty)
  [get_keyword] bmRequestType=0xa1 bRequest=0x05 wValue=0x0000 wIndex=0x0000 len=20    -> ERR:[Errno 32] Pipe error (empty)
  [get_keyword] bmRequestType=0xa1 bRequest=0x05 wValue=0x0000 wIndex=0x0000 len=64    -> ERR:[Errno 32] Pipe error (empty)
  [get_keyword] bmRequestType=0xa1 bRequest=0x06 wValue=0x0000 wIndex=0x0000 len=4     -> ERR:[Errno 32] Pipe error (empty)
  [get_keyword] bmRequestType=0xa1 bRequest=0x06 wValue=0x0000 wIndex=0x0000 len=20    -> ERR:[Errno 32] Pipe error (empty)
  [get_keyword] bmRequestType=0xa1 bRequest=0x06 wValue=0x0000 wIndex=0x0000 len=64    -> ERR:[Errno 32] Pipe error (empty)
  [get_keyword] bmRequestType=0xa1 bRequest=0x07 wValue=0x0000 wIndex=0x0000 len=4     -> ERR:[Errno 32] Pipe error (empty)
  [get_keyword] bmRequestType=0xa1 bRequest=0x07 wValue=0x0000 wIndex=0x0000 len=20    -> ERR:[Errno 32] Pipe error (empty)
  [get_keyword] bmRequestType=0xa1 bRequest=0x07 wValue=0x0000 wIndex=0x0000 len=64    -> ERR:[Errno 32] Pipe error (empty)
  [get_keyword] bmRequestType=0xa1 bRequest=0x08 wValue=0x0000 wIndex=0x0000 len=4     -> ERR:[Errno 32] Pipe error (empty)
  [get_keyword] bmRequestType=0xa1 bRequest=0x08 wValue=0x0000 wIndex=0x0000 len=20    -> ERR:[Errno 32] Pipe error (empty)
  [get_keyword] bmRequestType=0xa1 bRequest=0x08 wValue=0x0000 wIndex=0x0000 len=64    -> ERR:[Errno 32] Pipe error (empty)
  [get_keyword] bmRequestType=0xa1 bRequest=0x09 wValue=0x0000 wIndex=0x0000 len=4     -> ERR:[Errno 32] Pipe error (empty)
  [get_keyword] bmRequestType=0xa1 bRequest=0x09 wValue=0x0000 wIndex=0x0000 len=20    -> ERR:[Errno 32] Pipe error (empty)
  [get_keyword] bmRequestType=0xa1 bRequest=0x09 wValue=0x0000 wIndex=0x0000 len=64    -> ERR:[Errno 32] Pipe error (empty)
  [get_keyword] bmRequestType=0xa1 bRequest=0x0a wValue=0x0000 wIndex=0x0000 len=4     -> ERR:[Errno 32] Pipe error (empty)
  [get_keyword] bmRequestType=0xa1 bRequest=0x0a wValue=0x0000 wIndex=0x0000 len=20    -> ERR:[Errno 32] Pipe error (empty)
  [get_keyword] bmRequestType=0xa1 bRequest=0x0a wValue=0x0000 wIndex=0x0000 len=64    -> ERR:[Errno 32] Pipe error (empty)
  [get_keyword] bmRequestType=0xa1 bRequest=0x0b wValue=0x0000 wIndex=0x0000 len=4     -> ERR:[Errno 32] Pipe error (empty)
  [get_keyword] bmRequestType=0xa1 bRequest=0x0b wValue=0x0000 wIndex=0x0000 len=20    -> ERR:[Errno 32] Pipe error (empty)
  [get_keyword] bmRequestType=0xa1 bRequest=0x0b wValue=0x0000 wIndex=0x0000 len=64    -> ERR:[Errno 32] Pipe error (empty)
  [get_keyword] bmRequestType=0xa1 bRequest=0x0c wValue=0x0000 wIndex=0x0000 len=4     -> ERR:[Errno 32] Pipe error (empty)
  [get_keyword] bmRequestType=0xa1 bRequest=0x0c wValue=0x0000 wIndex=0x0000 len=20    -> ERR:[Errno 32] Pipe error (empty)
  [get_keyword] bmRequestType=0xa1 bRequest=0x0c wValue=0x0000 wIndex=0x0000 len=64    -> ERR:[Errno 32] Pipe error (empty)
  [get_keyword] bmRequestType=0xa1 bRequest=0x0d wValue=0x0000 wIndex=0x0000 len=4     -> ERR:[Errno 32] Pipe error (empty)
  [get_keyword] bmRequestType=0xa1 bRequest=0x0d wValue=0x0000 wIndex=0x0000 len=20    -> ERR:[Errno 32] Pipe error (empty)
  [get_keyword] bmRequestType=0xa1 bRequest=0x0d wValue=0x0000 wIndex=0x0000 len=64    -> ERR:[Errno 32] Pipe error (empty)
  [get_keyword] bmRequestType=0xa1 bRequest=0x0e wValue=0x0000 wIndex=0x0000 len=4     -> ERR:[Errno 32] Pipe error (empty)
  [get_keyword] bmRequestType=0xa1 bRequest=0x0e wValue=0x0000 wIndex=0x0000 len=20    -> ERR:[Errno 32] Pipe error (empty)
  [get_keyword] bmRequestType=0xa1 bRequest=0x0e wValue=0x0000 wIndex=0x0000 len=64    -> ERR:[Errno 32] Pipe error (empty)
  [get_keyword] bmRequestType=0xa1 bRequest=0x0f wValue=0x0000 wIndex=0x0000 len=4     -> ERR:[Errno 32] Pipe error (empty)
  [get_keyword] bmRequestType=0xa1 bRequest=0x0f wValue=0x0000 wIndex=0x0000 len=20    -> ERR:[Errno 32] Pipe error (empty)
  [get_keyword] bmRequestType=0xa1 bRequest=0x0f wValue=0x0000 wIndex=0x0000 len=64    -> ERR:[Errno 32] Pipe error (empty)
  [get_keyword] bmRequestType=0xa1 bRequest=0x10 wValue=0x0000 wIndex=0x0000 len=4     -> ERR:[Errno 32] Pipe error (empty)
  [get_keyword] bmRequestType=0xa1 bRequest=0x10 wValue=0x0000 wIndex=0x0000 len=20    -> ERR:[Errno 32] Pipe error (empty)
  [get_keyword] bmRequestType=0xa1 bRequest=0x10 wValue=0x0000 wIndex=0x0000 len=64    -> ERR:[Errno 32] Pipe error (empty)
  [get_keyword] bmRequestType=0xc0 bRequest=0x00 wValue=0x0000 wIndex=0x0000 len=4     -> ERR:[Errno 32] Pipe error (empty)
  [get_keyword] bmRequestType=0xc0 bRequest=0x00 wValue=0x0000 wIndex=0x0000 len=20    -> ERR:[Errno 32] Pipe error (empty)
  [get_keyword] bmRequestType=0xc0 bRequest=0x00 wValue=0x0000 wIndex=0x0000 len=64    -> ERR:[Errno 32] Pipe error (empty)
  [get_keyword] bmRequestType=0xc0 bRequest=0x82 wValue=0x0000 wIndex=0x0000 len=4     -> ERR:[Errno 32] Pipe error (empty)
  [get_keyword] bmRequestType=0xc0 bRequest=0x82 wValue=0x0000 wIndex=0x0000 len=20    -> ERR:[Errno 32] Pipe error (empty)
  [get_keyword] bmRequestType=0xc0 bRequest=0x82 wValue=0x0000 wIndex=0x0000 len=64    -> ERR:[Errno 32] Pipe error (empty)
  [get_keyword] bmRequestType=0xc0 bRequest=0x86 wValue=0x0000 wIndex=0x0000 len=4     -> OK                       (empty)
  [get_keyword] bmRequestType=0xc0 bRequest=0x86 wValue=0x0000 wIndex=0x0000 len=20    -> OK                       (empty)
  [get_keyword] bmRequestType=0xc0 bRequest=0x86 wValue=0x0000 wIndex=0x0000 len=64    -> OK                       (empty)
  [get_keyword] bmRequestType=0xc1 bRequest=0x00 wValue=0x0000 wIndex=0x0000 len=4     -> ERR:[Errno 32] Pipe error (empty)
  [get_keyword] bmRequestType=0xc1 bRequest=0x00 wValue=0x0000 wIndex=0x0000 len=20    -> ERR:[Errno 32] Pipe error (empty)
  [get_keyword] bmRequestType=0xc1 bRequest=0x00 wValue=0x0000 wIndex=0x0000 len=64    -> ERR:[Errno 32] Pipe error (empty)
  [get_keyword] bmRequestType=0xc1 bRequest=0x82 wValue=0x0000 wIndex=0x0000 len=4     -> ERR:[Errno 32] Pipe error (empty)
  [get_keyword] bmRequestType=0xc1 bRequest=0x82 wValue=0x0000 wIndex=0x0000 len=20    -> ERR:[Errno 32] Pipe error (empty)
  [get_keyword] bmRequestType=0xc1 bRequest=0x82 wValue=0x0000 wIndex=0x0000 len=64    -> ERR:[Errno 32] Pipe error (empty)
  [get_keyword] bmRequestType=0xc1 bRequest=0x86 wValue=0x0000 wIndex=0x0000 len=4     -> OK                       (empty)
  [get_keyword] bmRequestType=0xc1 bRequest=0x86 wValue=0x0000 wIndex=0x0000 len=20    -> OK                       (empty)
  [get_keyword] bmRequestType=0xc1 bRequest=0x86 wValue=0x0000 wIndex=0x0000 len=64    -> OK                       (empty)

--- BASELINE (AFTER corrected sequence) ---
  AFTER  1284id_A1_00   len= 120  00 78 4d 46 47 3a 43 61 6e 6f 6e 3b 43 4d 44 3a 42 4a 4c 2c 42 4a 52 61 73 74 65 72 33 2c 42 53 43 43 65 2c 49 56 45 43 2c 49 56 45 43 50 4c 49 ...
  AFTER  status_A1_01   len=   1  18

=== DISCRIMINATOR ===
  1284id_A1_00: before==after? True  (before 120B / after 120B)
  status_A1_01: before==after? True  (before 1B / after 1B)

  set_session RECV replies that DIFFER from baseline:
    bmRequestType=0xa1 bRequest=0x00 wValue=0x0000 wIndex=0x0000 len=4 -> 00 78 4d 46  <== 4-BYTE KEYWORD CANDIDATE
    bmRequestType=0xa1 bRequest=0x00 wValue=0x0000 wIndex=0x0000 len=20 -> 00 78 4d 46 47 3a 43 61 6e 6f 6e 3b 43 4d 44 3a 42 4a 4c 2c
    bmRequestType=0xa1 bRequest=0x00 wValue=0x0000 wIndex=0x0000 len=64 -> 00 78 4d 46 47 3a 43 61 6e 6f 6e 3b 43 4d 44 3a 42 4a 4c 2c 42 4a 52 61 73 74 65 72 33 2c 42 53 43 43 65 2c 49 56 45 43 2c 49 56 45 43 50 4c 49 3b 4d 44 4c 3a 44 65 76 69 63 65 3b 43 4c 53 3a

  get_keyword RECV replies that DIFFER from baseline:
    bmRequestType=0xa1 bRequest=0x00 wValue=0x0000 wIndex=0x0000 len=4 -> 00 78 4d 46  <== 4-BYTE KEYWORD CANDIDATE
    bmRequestType=0xa1 bRequest=0x00 wValue=0x0000 wIndex=0x0000 len=20 -> 00 78 4d 46 47 3a 43 61 6e 6f 6e 3b 43 4d 44 3a 42 4a 4c 2c
    bmRequestType=0xa1 bRequest=0x00 wValue=0x0000 wIndex=0x0000 len=64 -> 00 78 4d 46 47 3a 43 61 6e 6f 6e 3b 43 4d 44 3a 42 4a 4c 2c 42 4a 52 61 73 74 65 72 33 2c 42 53 43 43 65 2c 49 56 45 43 2c 49 56 45 43 50 4c 49 3b 4d 44 4c 3a 44 65 76 69 63 65 3b 43 4c 53 3a

  VERDICT: SESSION_OPENED
  ss_wire_sent=81 00 00 03 2d 2d 3b 2b
  gk_wire_sent=82 00 00 00 00 40 40 8f ec
